2025-05-14 09:28:52 -  - exec CUpdateClientPartner::__CollectRequestData
2025-05-14 09:28:52 -  - exec CUpdateClientPartner::GetHTTPPage
2025-05-14 09:28:53 -  - exec CUpdateClientPartner::ParseServerData
2025-05-14 09:28:53 -  - exec CUpdateClientPartner::GetUpdatesList
2025-05-14 09:28:53 -  - exec CUpdateClientPartner::__CollectRequestData
2025-05-14 09:28:53 -  - utf=Y&lang=ru&stable=Y&CANGZIP=Y&SUPD_DBS=MYSQL&XE=N&CLIENT_SITE=bitrix.belov&LICENSE_KEY=X&SUPD_STS=1&SUPD_URS=0&TYPENC=D&CLIENT_PHPVER=8.2.7&NGINX=Y&dbv=8.0.40&instm=main%2C25.100.300%2CY%3Bwiki%2C24.100.0%2CN%3Bbitrix.sitecorporate%2C24.0.0%2CN%3Bphotogallery%2C25.0.0%2CN%3Bsupport%2C24.100.0%2CN%3Bvote%2C24.0.100%2CN%3Blearning%2C24.300.0%2CN%3Bblog%2C24.300.0%2CN%3Bsender%2C24.300.100%2CN%3Blanding%2C24.800.0%2CN%3Bmobileapp%2C24.200.0%2CN%3Bfileman%2C24.500.0%2CN%3Bhighloadblock%2C24.100.0%2CN%3Bbitrixcloud%2C24.100.0%2CN%3Bpull%2C25.0.50%2CN%3Bui%2C25.0.0%2CN%3Bcatalog%2C24.400.100%2CN%3Bbizprocdesigner%2C24.700.0%2CN%3Bworkflow%2C24.100.0%2CN%3Bbitrix.eshop%2C24.100.0%2CN%3Bperfmon%2C24.200.0%2CN%3Bcurrency%2C24.100.0%2CN%3Btranslate%2C24.100.0%2CN%3Bclouds%2C25.0.0%2CN%3Bmail%2C24.800.300%2CN%3Blocation%2C25.0.0%2CN%3Bb24connector%2C24.0.0%2CN%3Bsubscribe%2C24.0.0%2CN%3Bsecurity%2C24.0.100%2CN%3Brest%2C25.100.200%2CN%3Bim%2C25.0.100%2CN%3Bform%2C24.0.0%2CN%3Biblock%2C24.300.0%2CN%3Bconversion%2C24.0.0%2CN%3Bsearch%2C25.0.0%2CN%3Bstatistic%2C24.100.0%2CN%3Blists%2C25.0.0%2CN%3Bmessageservice%2C24.900.0%2CN%3Bbizproc%2C24.900.0%2CN%3Bsocialservices%2C24.100.100%2CN%3Bforum%2C25.100.0%2CN%3Bseo%2C24.600.100%2CN%3Bsocialnetwork%2C24.375.300%2CN%3Bwebservice%2C24.100.0%2CN%3Breport%2C24.100.0%2CN%3Babtest%2C24.100.0%2CN%3Bcalendar%2C24.450.100%2CN%3Bsale%2C24.300.0%2CN%3Bstoreassist%2C24.0.0%2CN%3Bidea%2C24.100.0%2CN%3Badvertising%2C24.100.0%2CN&reqm=bitrix.sitecorporate%2Cbitrix.eshop&fullmoduleinfo=Y&SUPD_SRS=RU&SUPD_CMP=N
2025-05-14 09:28:53 -  - exec CUpdateClientPartner::GetHTTPPage
2025-05-14 09:28:53 -  - TIME GetUpdatesList(request) 0.687 sec
2025-05-14 09:28:53 -  - exec CUpdateClientPartner::ParseServerData
2025-05-14 09:28:53 -  - exec CUpdateClientPartner::__CollectRequestData
2025-05-14 09:28:53 -  - exec CUpdateClientPartner::GetHTTPPage
2025-05-14 09:28:54 -  - exec CUpdateClientPartner::ParseServerData
2025-05-15 09:29:07 -  - exec CUpdateClientPartner::__CollectRequestData
2025-05-15 09:29:07 -  - exec CUpdateClientPartner::GetHTTPPage
2025-05-15 09:29:07 -  - exec CUpdateClientPartner::ParseServerData
2025-05-15 09:29:07 -  - exec CUpdateClientPartner::GetUpdatesList
2025-05-15 09:29:07 -  - exec CUpdateClientPartner::__CollectRequestData
2025-05-15 09:29:07 -  - utf=Y&lang=ru&stable=Y&CANGZIP=Y&SUPD_DBS=MYSQL&XE=N&CLIENT_SITE=bitrix.belov&LICENSE_KEY=X&SUPD_STS=2&SUPD_URS=0&TYPENC=D&CLIENT_PHPVER=8.2.7&NGINX=Y&dbv=8.0.40&instm=main%2C25.100.300%2CY%3Bwiki%2C24.100.0%2CN%3Bbitrix.sitecorporate%2C24.0.0%2CN%3Bphotogallery%2C25.0.0%2CN%3Bsupport%2C24.100.0%2CN%3Bvote%2C24.0.100%2CN%3Blearning%2C24.300.0%2CN%3Bblog%2C24.300.0%2CN%3Bsender%2C24.300.100%2CN%3Blanding%2C24.800.0%2CN%3Bmobileapp%2C24.200.0%2CN%3Bfileman%2C24.500.0%2CN%3Bhighloadblock%2C24.100.0%2CN%3Bbitrixcloud%2C24.100.0%2CN%3Bpull%2C25.0.50%2CN%3Bui%2C25.0.0%2CN%3Bcatalog%2C24.400.100%2CN%3Bbizprocdesigner%2C24.700.0%2CN%3Bworkflow%2C24.100.0%2CN%3Bbitrix.eshop%2C24.100.0%2CN%3Bperfmon%2C24.200.0%2CN%3Bcurrency%2C24.100.0%2CN%3Btranslate%2C24.100.0%2CN%3Bclouds%2C25.0.0%2CN%3Bmail%2C24.800.300%2CN%3Blocation%2C25.0.0%2CN%3Bb24connector%2C24.0.0%2CN%3Bsubscribe%2C24.0.0%2CN%3Bsecurity%2C24.0.100%2CN%3Brest%2C25.100.200%2CN%3Bim%2C25.0.100%2CN%3Bform%2C24.0.0%2CN%3Biblock%2C24.300.0%2CN%3Bconversion%2C24.0.0%2CN%3Bsearch%2C25.0.0%2CN%3Bstatistic%2C24.100.0%2CN%3Blists%2C25.0.0%2CN%3Bmessageservice%2C24.900.0%2CN%3Bbizproc%2C24.900.0%2CN%3Bsocialservices%2C24.100.100%2CN%3Bforum%2C25.100.0%2CN%3Bseo%2C24.600.100%2CN%3Bsocialnetwork%2C24.375.300%2CN%3Bwebservice%2C24.100.0%2CN%3Breport%2C24.100.0%2CN%3Babtest%2C24.100.0%2CN%3Bcalendar%2C24.450.100%2CN%3Bsale%2C24.300.0%2CN%3Bstoreassist%2C24.0.0%2CN%3Bidea%2C24.100.0%2CN%3Badvertising%2C24.100.0%2CN&reqm=bitrix.sitecorporate%2Cbitrix.eshop&fullmoduleinfo=Y&SUPD_SRS=RU&SUPD_CMP=N
2025-05-15 09:29:07 -  - exec CUpdateClientPartner::GetHTTPPage
2025-05-15 09:29:07 -  - TIME GetUpdatesList(request) 0.185 sec
2025-05-15 09:29:07 -  - exec CUpdateClientPartner::ParseServerData
2025-05-15 09:29:07 -  - exec CUpdateClientPartner::__CollectRequestData
2025-05-15 09:29:07 -  - exec CUpdateClientPartner::GetHTTPPage
2025-05-15 09:29:07 -  - exec CUpdateClientPartner::ParseServerData
2025-05-16 09:31:06 -  - exec CUpdateClientPartner::__CollectRequestData
2025-05-16 09:31:06 -  - exec CUpdateClientPartner::GetHTTPPage
2025-05-16 09:31:06 -  - exec CUpdateClientPartner::ParseServerData
2025-05-16 09:31:06 -  - exec CUpdateClientPartner::GetUpdatesList
2025-05-16 09:31:06 -  - exec CUpdateClientPartner::__CollectRequestData
2025-05-16 09:31:06 -  - utf=Y&lang=ru&stable=Y&CANGZIP=Y&SUPD_DBS=MYSQL&XE=N&CLIENT_SITE=bitrix.belov&LICENSE_KEY=X&SUPD_STS=2&SUPD_URS=0&TYPENC=D&CLIENT_PHPVER=8.2.7&NGINX=Y&dbv=8.0.40&instm=main%2C25.100.300%2CY%3Bwiki%2C24.100.0%2CN%3Bbitrix.sitecorporate%2C24.0.0%2CN%3Bphotogallery%2C25.0.0%2CN%3Bsupport%2C24.100.0%2CN%3Bvote%2C24.0.100%2CN%3Blearning%2C24.300.0%2CN%3Bblog%2C24.300.0%2CN%3Bsender%2C24.300.100%2CN%3Blanding%2C24.800.0%2CN%3Bmobileapp%2C24.200.0%2CN%3Bfileman%2C24.500.0%2CN%3Bhighloadblock%2C24.100.0%2CN%3Bbitrixcloud%2C24.100.0%2CN%3Bpull%2C25.0.50%2CN%3Bui%2C25.0.0%2CN%3Bcatalog%2C24.400.100%2CN%3Bbizprocdesigner%2C24.700.0%2CN%3Bworkflow%2C24.100.0%2CN%3Bbitrix.eshop%2C24.100.0%2CN%3Bperfmon%2C24.200.0%2CN%3Bcurrency%2C24.100.0%2CN%3Btranslate%2C24.100.0%2CN%3Bclouds%2C25.0.0%2CN%3Bmail%2C24.800.300%2CN%3Blocation%2C25.0.0%2CN%3Bb24connector%2C24.0.0%2CN%3Bsubscribe%2C24.0.0%2CN%3Bsecurity%2C24.0.100%2CN%3Brest%2C25.100.200%2CN%3Bim%2C25.0.100%2CN%3Bform%2C24.0.0%2CN%3Biblock%2C24.300.0%2CN%3Bconversion%2C24.0.0%2CN%3Bsearch%2C25.0.0%2CN%3Bstatistic%2C24.100.0%2CN%3Blists%2C25.0.0%2CN%3Bmessageservice%2C24.900.0%2CN%3Bbizproc%2C24.900.0%2CN%3Bsocialservices%2C24.100.100%2CN%3Bforum%2C25.100.0%2CN%3Bseo%2C24.600.100%2CN%3Bsocialnetwork%2C24.375.300%2CN%3Bwebservice%2C24.100.0%2CN%3Breport%2C24.100.0%2CN%3Babtest%2C24.100.0%2CN%3Bcalendar%2C24.450.100%2CN%3Bsale%2C24.300.0%2CN%3Bstoreassist%2C24.0.0%2CN%3Bidea%2C24.100.0%2CN%3Badvertising%2C24.100.0%2CN&reqm=bitrix.sitecorporate%2Cbitrix.eshop&fullmoduleinfo=Y&SUPD_SRS=RU&SUPD_CMP=N
2025-05-16 09:31:06 -  - exec CUpdateClientPartner::GetHTTPPage
2025-05-16 09:31:06 -  - TIME GetUpdatesList(request) 0.453 sec
2025-05-16 09:31:06 -  - exec CUpdateClientPartner::ParseServerData
2025-05-16 09:31:06 -  - exec CUpdateClientPartner::__CollectRequestData
2025-05-16 09:31:06 -  - exec CUpdateClientPartner::GetHTTPPage
2025-05-16 09:31:07 -  - exec CUpdateClientPartner::ParseServerData
2025-05-19 08:39:09 -  - exec CUpdateClientPartner::__CollectRequestData
2025-05-19 08:39:09 -  - exec CUpdateClientPartner::GetHTTPPage
2025-05-19 08:39:09 -  - exec CUpdateClientPartner::ParseServerData
2025-05-19 08:39:09 -  - exec CUpdateClientPartner::GetUpdatesList
2025-05-19 08:39:09 -  - exec CUpdateClientPartner::__CollectRequestData
2025-05-19 08:39:09 -  - utf=Y&lang=ru&stable=Y&CANGZIP=Y&SUPD_DBS=MYSQL&XE=N&CLIENT_SITE=bitrix.belov&LICENSE_KEY=X&SUPD_STS=2&SUPD_URS=0&TYPENC=D&CLIENT_PHPVER=8.2.7&NGINX=Y&dbv=8.0.40&instm=main%2C25.100.300%2CY%3Bwiki%2C24.100.0%2CN%3Bbitrix.sitecorporate%2C24.0.0%2CN%3Bphotogallery%2C25.0.0%2CN%3Bsupport%2C24.100.0%2CN%3Bvote%2C24.0.100%2CN%3Blearning%2C24.300.0%2CN%3Bblog%2C24.300.0%2CN%3Bsender%2C24.300.100%2CN%3Blanding%2C24.800.0%2CN%3Bmobileapp%2C24.200.0%2CN%3Bfileman%2C24.500.0%2CN%3Bhighloadblock%2C24.100.0%2CN%3Bbitrixcloud%2C24.100.0%2CN%3Bpull%2C25.0.50%2CN%3Bui%2C25.0.0%2CN%3Bcatalog%2C24.400.100%2CN%3Bbizprocdesigner%2C24.700.0%2CN%3Bworkflow%2C24.100.0%2CN%3Bbitrix.eshop%2C24.100.0%2CN%3Bperfmon%2C24.200.0%2CN%3Bcurrency%2C24.100.0%2CN%3Btranslate%2C24.100.0%2CN%3Bclouds%2C25.0.0%2CN%3Bmail%2C24.800.300%2CN%3Blocation%2C25.0.0%2CN%3Bb24connector%2C24.0.0%2CN%3Bsubscribe%2C24.0.0%2CN%3Bsecurity%2C24.0.100%2CN%3Brest%2C25.100.200%2CN%3Bim%2C25.0.100%2CN%3Bform%2C24.0.0%2CN%3Biblock%2C24.300.0%2CN%3Bconversion%2C24.0.0%2CN%3Bsearch%2C25.0.0%2CN%3Bstatistic%2C24.100.0%2CN%3Blists%2C25.0.0%2CN%3Bmessageservice%2C24.900.0%2CN%3Bbizproc%2C24.900.0%2CN%3Bsocialservices%2C24.100.100%2CN%3Bforum%2C25.100.0%2CN%3Bseo%2C24.600.100%2CN%3Bsocialnetwork%2C24.375.300%2CN%3Bwebservice%2C24.100.0%2CN%3Breport%2C24.100.0%2CN%3Babtest%2C24.100.0%2CN%3Bcalendar%2C24.450.100%2CN%3Bsale%2C24.300.0%2CN%3Bstoreassist%2C24.0.0%2CN%3Bidea%2C24.100.0%2CN%3Badvertising%2C24.100.0%2CN&reqm=bitrix.sitecorporate%2Cbitrix.eshop&fullmoduleinfo=Y&SUPD_SRS=RU&SUPD_CMP=N
2025-05-19 08:39:09 -  - exec CUpdateClientPartner::GetHTTPPage
2025-05-19 08:39:09 -  - TIME GetUpdatesList(request) 0.3 sec
2025-05-19 08:39:09 -  - exec CUpdateClientPartner::ParseServerData
2025-05-19 08:39:09 -  - exec CUpdateClientPartner::__CollectRequestData
2025-05-19 08:39:09 -  - exec CUpdateClientPartner::GetHTTPPage
2025-05-19 08:39:10 -  - exec CUpdateClientPartner::ParseServerData
2025-05-20 08:41:12 -  - exec CUpdateClientPartner::__CollectRequestData
2025-05-20 08:41:12 -  - exec CUpdateClientPartner::GetHTTPPage
2025-05-20 08:41:12 -  - exec CUpdateClientPartner::ParseServerData
2025-05-20 08:41:12 -  - exec CUpdateClientPartner::GetUpdatesList
2025-05-20 08:41:12 -  - exec CUpdateClientPartner::__CollectRequestData
2025-05-20 08:41:12 -  - utf=Y&lang=ru&stable=Y&CANGZIP=Y&SUPD_DBS=MYSQL&XE=N&CLIENT_SITE=bitrix.belov&LICENSE_KEY=X&SUPD_STS=2&SUPD_URS=0&TYPENC=D&CLIENT_PHPVER=8.2.7&NGINX=Y&dbv=8.0.40&instm=main%2C25.100.300%2CY%3Bwiki%2C24.100.0%2CN%3Bbitrix.sitecorporate%2C24.0.0%2CN%3Bphotogallery%2C25.0.0%2CN%3Bsupport%2C24.100.0%2CN%3Bvote%2C24.0.100%2CN%3Blearning%2C24.300.0%2CN%3Bblog%2C24.300.0%2CN%3Bsender%2C24.300.100%2CN%3Blanding%2C24.800.0%2CN%3Bmobileapp%2C24.200.0%2CN%3Bfileman%2C24.500.0%2CN%3Bhighloadblock%2C24.100.0%2CN%3Bbitrixcloud%2C24.100.0%2CN%3Bpull%2C25.0.50%2CN%3Bui%2C25.0.0%2CN%3Bcatalog%2C24.400.100%2CN%3Bbizprocdesigner%2C24.700.0%2CN%3Bworkflow%2C24.100.0%2CN%3Bbitrix.eshop%2C24.100.0%2CN%3Bperfmon%2C24.200.0%2CN%3Bcurrency%2C24.100.0%2CN%3Btranslate%2C24.100.0%2CN%3Bclouds%2C25.0.0%2CN%3Bmail%2C24.800.300%2CN%3Blocation%2C25.0.0%2CN%3Bb24connector%2C24.0.0%2CN%3Bsubscribe%2C24.0.0%2CN%3Bsecurity%2C24.0.100%2CN%3Brest%2C25.100.200%2CN%3Bim%2C25.0.100%2CN%3Bform%2C24.0.0%2CN%3Biblock%2C24.300.0%2CN%3Bconversion%2C24.0.0%2CN%3Bsearch%2C25.0.0%2CN%3Bstatistic%2C24.100.0%2CN%3Blists%2C25.0.0%2CN%3Bmessageservice%2C24.900.0%2CN%3Bbizproc%2C24.900.0%2CN%3Bsocialservices%2C24.100.100%2CN%3Bforum%2C25.100.0%2CN%3Bseo%2C24.600.100%2CN%3Bsocialnetwork%2C24.375.300%2CN%3Bwebservice%2C24.100.0%2CN%3Breport%2C24.100.0%2CN%3Babtest%2C24.100.0%2CN%3Bcalendar%2C24.450.100%2CN%3Bsale%2C24.300.0%2CN%3Bstoreassist%2C24.0.0%2CN%3Bidea%2C24.100.0%2CN%3Badvertising%2C24.100.0%2CN&reqm=bitrix.sitecorporate%2Cbitrix.eshop&fullmoduleinfo=Y&SUPD_SRS=RU&SUPD_CMP=N
2025-05-20 08:41:12 -  - exec CUpdateClientPartner::GetHTTPPage
2025-05-20 08:41:12 -  - TIME GetUpdatesList(request) 0.18 sec
2025-05-20 08:41:12 -  - exec CUpdateClientPartner::ParseServerData
2025-05-20 08:41:12 -  - exec CUpdateClientPartner::__CollectRequestData
2025-05-20 08:41:12 -  - exec CUpdateClientPartner::GetHTTPPage
2025-05-20 08:41:12 -  - exec CUpdateClientPartner::ParseServerData
